## Change: Drop the comment `anchor_type` / `anchor_ref` columns

**Context:** Discussions are now a single domain-wide thread per
`(domain_id, version)` (see the 2026-06-18 "single domain-wide thread"
change). The per-anchor columns on `domain_comments` — `anchor_type`
(class/property/mapping/graph node/edge/domain) and `anchor_ref` — were dead
weight: every row was effectively `('domain', '')` and nothing read them back.
Removed them end-to-end (schema, store, service, API, frontend) and added a
migration to drop them on existing registries.

**Changes:**
1. `src/back/objects/registry/store/lakebase/schema.sql` — dropped the
   `anchor_type` column (and its CHECK), the `anchor_ref` column, and the
   `idx_domain_comments_anchor` index; replaced the index with
   `idx_domain_comments_lookup (domain_id, version, created_at)` to keep the
   domain-thread listing query fast.
2. `src/back/objects/registry/store/lakebase/store.py` — same column/index
   changes in the lazy `_ensure_collab_tables()` self-heal DDL; dropped
   `anchor_type` / `anchor_ref` from the row mapper, the `insert_comment`
   INSERT/RETURNING, and the `list_comments` SELECT + filters.
3. `src/back/objects/registry/store/base.py` — removed the anchor fields from
   the `DomainComment` TypedDict and from the `insert_comment` /
   `list_comments` abstract signatures + docstrings.
4. `src/back/objects/registry/RegistryService.py` — dropped the anchor params
   from the `insert_comment` / `list_comments` pass-through wrappers.
5. `src/back/objects/registry/CommentService.py` — removed the `ANCHOR_TYPES`
   constant, the `_validate_anchor_type` / `_norm_anchor_type` validators, and
   the anchor params from `add_comment` / `list_comments` and the AI-Agent
   kickoff-comment insert.
6. `src/api/routers/internal/comments.py` — removed the `anchor_type` /
   `anchor_ref` query params (GET) and body fields (POST).
7. `src/back/objects/registry/agent_task_runner.py` — replaced `_resolve_anchor`
   (returned `(anchor_type, anchor_ref, parent_id)`) with
   `_resolve_thread_parent` (returns just the parent comment id); the agent
   report no longer passes anchors.
8. `src/front/static/global/js/comments-panel.js` — stopped sending
   `anchor_type` / `anchor_ref` to the `/comments` API (GET query + POST body);
   trimmed `ctx` to `{ folder, version }`; removed the `ANCHOR_LABELS` map and
   the public `anchorLabel()` helper; `openForSelection` now ignores its legacy
   anchor args.
9. `src/front/static/domain/js/domain-collaboration.js` — the Discussions
   timeline no longer renders the anchor "kind" badge or `data-anchor-*`
   attributes; `openThreadFor()` opens the domain thread with no anchor; removed
   the now-unused `localName()` helper.
10. `scripts/upgrade_lakebase_0.6_drop_comment_anchor.sql` (new) — destructive,
    idempotent migration: drops `idx_domain_comments_anchor`, drops the two
    anchor columns (the CHECK drops with `anchor_type`), and creates
    `idx_domain_comments_lookup`. Comment bodies/authors/threading/resolved
    state are untouched.
11. `scripts/bootstrap-lakebase-perms.sh` — owner-provision DDL aligned to the
    anchorless `domain_comments` shape + new lookup index.
12. `docs/architecture.md` — updated the `domain_comments` table row to describe
    the domain-wide thread.
13. Tests — updated `tests/units/registry/test_registry_store.py`,
    `tests/units/registry/test_comment_service.py`,
    `tests/units/api/test_comment_endpoints.py`, and
    `tests/units/api/test_discussion_panel_assets.py` to drop anchor params /
    assertions (e.g. the per-anchor filter tests become whole-thread tests; the
    panel test now asserts no anchor fields are sent).

**Modified files:**
- `src/back/objects/registry/store/lakebase/schema.sql`
- `src/back/objects/registry/store/lakebase/store.py`
- `src/back/objects/registry/store/base.py`
- `src/back/objects/registry/RegistryService.py`
- `src/back/objects/registry/CommentService.py`
- `src/api/routers/internal/comments.py`
- `src/back/objects/registry/agent_task_runner.py`
- `src/front/static/global/js/comments-panel.js`
- `src/front/static/domain/js/domain-collaboration.js`
- `scripts/upgrade_lakebase_0.6_drop_comment_anchor.sql` (new)
- `scripts/bootstrap-lakebase-perms.sh`
- `docs/architecture.md`
- `tests/units/registry/test_registry_store.py`
- `tests/units/registry/test_comment_service.py`
- `tests/units/api/test_comment_endpoints.py`
- `tests/units/api/test_discussion_panel_assets.py`

**Test result:** `pytest tests/units/registry/test_comment_service.py
tests/units/api/test_comment_endpoints.py
tests/units/registry/test_agent_task_runner.py
tests/units/api/test_discussion_panel_assets.py` → all passed. The
`TestLakebaseCollab` cases in `test_registry_store.py` require the optional
`psycopg` extra (not installed in this env) and are skipped/failing for that
reason only — unrelated to this change.

---

## Change: Fix AI-Agent "unmap" misfire — guard removal + persist mappings

**Context:** A task "unmap Customer" assigned to the AI Agent was routed to the
Auto SQL Mapper (`auto_assignment`), which then "unmapped Person and other
relationships, re-included already-excluded entities, and after a page reload no
changes were there". Root cause was two compounding defects in the
`agent_task_runner` dispatch:
1. The mapper is **additive-only** — it has no "remove/unmap" operation — yet a
   removal request silently triggered a full-ontology re-map. The dispatch also
   never passed the task text, so the user's intent was discarded.
2. The `auto_assignment` branch only **proposed** mappings (it called the bare
   `auto_assign_with_agent` and returned them in the payload) and never applied
   them, so nothing was persisted — a reload reverted everything. (Contrast
   `ontology_assistant`, which calls `apply_agent_ontology_changes` to save.)

Fix per the chosen "guard-and-persist" direction: (a) refuse removal/unmap
requests routed to the mapper and park the task for a rephrase; (b) when the
mapper does run, merge + persist its mappings to the registry, preserving any
existing `excluded` flag so a re-map never re-includes an excluded entity.

**Changes:**
1. `src/back/objects/registry/agent_task_runner.py` — added `_MAPPING_REMOVAL_RE`
   + `_is_unsupported_mapping_removal()`; `_run_for_task` now short-circuits
   (before planning/dispatch) when the chosen agent is `auto_assignment` and the
   task asks to unmap/remove/exclude a mapping, posting a helpful note and
   parking the task (`in_progress`) so a rephrase can resume it. The
   `auto_assignment` dispatch branch now calls `mapping_svc.apply_agent_mappings`
   to persist, and reports "Applied SQL mappings" with the post-merge totals
   instead of "Proposed … review and save them".
2. `src/back/objects/mapping/Mapping.py` — added `apply_agent_mappings()`
   (session-less persist: merge into `domain.assignment` + `domain.save()`) and
   extracted the upsert logic into reusable static helpers
   `_merge_entity_mappings` / `_merge_relationship_mappings` (keyed by class
   URI / `property`, preserving `excluded`); `save_mappings_to_session` now
   reuses those helpers (dedupe).
3. Tests — `tests/units/registry/test_agent_task_runner.py`: added
   `test_is_unsupported_mapping_removal_detects_removal_intent`,
   `test_run_for_task_refuses_unmap_and_parks`, and
   `test_dispatch_auto_assignment_persists_mappings`.
   `tests/units/mapping/test_mapping_service.py`: added `TestApplyAgentMappings`
   (add+persist, upsert-by-URI, excluded-flag preservation, None payloads).

**Modified files:**
- `src/back/objects/registry/agent_task_runner.py`
- `src/back/objects/mapping/Mapping.py`
- `tests/units/registry/test_agent_task_runner.py`
- `tests/units/mapping/test_mapping_service.py`

**Test result:** `pytest tests/units/registry/test_agent_task_runner.py
tests/units/mapping/test_mapping_service.py` → 63 passed. Full
`pytest tests/units` → 2408 passed, 15 skipped, 4 failed; the 4 failures are the
`TestLakebaseCollab` cases that need the optional `psycopg` extra (not installed
in this env) — unrelated to this change.
